<?xml version="1.0" encoding="UTF-8"?>
<!-- Generated by org.testng.reporters.JUnitReportReporter -->
<testsuite skipped="0" hostname="DESKTOP-LC8VPO8" name="PageTest" tests="1" failures="0" timestamp="27 Jul 2018 03:06:57 GMT" time="9.430" errors="0">
  <testcase name="testMethod" time="9.430" classname="PageTest"/>
</testsuite> <!-- PageTest -->
